<?xml version="1.0" encoding="UTF-8"?>
<!-- Generated by org.testng.reporters.JUnitReportReporter -->
<testsuite hostname="admin-PC" failures="0" tests="1" name="com.customer.search.app.test.Get_All_Data" time="2.886" errors="0" timestamp="24 Apr 2020 10:35:13 GMT">
  <testcase classname="com.customer.search.app.test.Get_All_Data" name="get_all_contacts" time="2.886"/>
</testsuite> <!-- com.customer.search.app.test.Get_All_Data -->
